#
# There is insufficient memory for the Java Runtime Environment to continue.
# Native memory allocation (mmap) failed to map 268435456 bytes for G1 virtual space
# Possible reasons:
#   The system is out of physical RAM or swap space
#   The process is running with CompressedOops enabled, and the Java Heap may be blocking the growth of the native heap
# Possible solutions:
#   Reduce memory load on the system
#   Increase physical memory or swap space
#   Check if swap backing store is full
#   Decrease Java heap size (-Xmx/-Xms)
#   Decrease number of Java threads
#   Decrease Java thread stack sizes (-Xss)
#   Set larger code cache with -XX:ReservedCodeCacheSize=
#   JVM is running with Zero Based Compressed Oops mode in which the Java heap is
#     placed in the first 32GB address space. The Java Heap base address is the
#     maximum limit for the native heap growth. Please use -XX:HeapBaseMinAddress
#     to set the Java Heap base and to place the Java Heap above 32GB virtual address.
# This output file may be truncated or incomplete.
#
#  Out of Memory Error (os_windows.cpp:3535), pid=198608, tid=112992
#
# JRE version:  (17.0.3+7) (build )
# Java VM: OpenJDK 64-Bit Server VM (17.0.3+7, mixed mode, sharing, tiered, compressed oops, compressed class ptrs, g1 gc, windows-amd64)
# No core dump will be written. Minidumps are not enabled by default on client versions of Windows
#

---------------  S U M M A R Y ------------

Command Line: -ea -Dfile.encoding=UTF-8 -XX:+ShowCodeDetailsInExceptionMessages org.testng.remote.RemoteTestNG -serport 64384 -protocol json -d D:\Automation\BankingV1\test-output D:\Automation\BankingV1\testng.xml

Host: Intel(R) Core(TM) i5-8265U CPU @ 1.60GHz, 8 cores, 15G,  Windows 10 , 64 bit Build 19041 (10.0.19041.3636)
Time: Sat Jun  8 22:28:03 2024 India Standard Time elapsed time: 0.040874 seconds (0d 0h 0m 0s)

---------------  T H R E A D  ---------------

Current thread (0x000001d4aa4b91c0):  JavaThread "Unknown thread" [_thread_in_vm, id=112992, stack(0x00000016f5d00000,0x00000016f5e00000)]

Stack: [0x00000016f5d00000,0x00000016f5e00000]
Native frames: (J=compiled Java code, j=interpreted, Vv=VM code, C=native code)
V  [jvm.dll+0x675efa]
V  [jvm.dll+0x830a24]
V  [jvm.dll+0x8321ce]
V  [jvm.dll+0x832833]
V  [jvm.dll+0x2454b5]
V  [jvm.dll+0x672de9]
V  [jvm.dll+0x667732]
V  [jvm.dll+0x3043ab]
V  [jvm.dll+0x30b8f6]
V  [jvm.dll+0x35b62e]
V  [jvm.dll+0x35b85f]
V  [jvm.dll+0x2db248]
V  [jvm.dll+0x2dc1b4]
V  [jvm.dll+0x802651]
V  [jvm.dll+0x3693b1]
V  [jvm.dll+0x7e1aac]
V  [jvm.dll+0x3ebd8f]
V  [jvm.dll+0x3ed911]
C  [jli.dll+0x5277]
C  [ucrtbase.dll+0x21bb2]
C  [KERNEL32.DLL+0x17344]
C  [ntdll.dll+0x526b1]


---------------  P R O C E S S  ---------------

Threads class SMR info:
_java_thread_list=0x00007ffc74356e98, length=0, elements={
}

Java Threads: ( => current thread )

Other Threads:
  0x000001d4aa5243f0 GCTaskThread "GC Thread#0" [stack: 0x00000016f5e00000,0x00000016f5f00000] [id=19820]
  0x000001d4aa5357f0 ConcurrentGCThread "G1 Main Marker" [stack: 0x00000016f5f00000,0x00000016f6000000] [id=13528]
  0x000001d4aa536110 ConcurrentGCThread "G1 Conc#0" [stack: 0x00000016f6000000,0x00000016f6100000] [id=200192]

[error occurred during error reporting (printing all threads), id 0xc0000005, EXCEPTION_ACCESS_VIOLATION (0xc0000005) at pc=0x00007ffc73b2bcd7]

VM state: not at safepoint (not fully initialized)

VM Mutex/Monitor currently owned by a thread:  ([mutex/lock_event])
[0x000001d4aa4b4870] Heap_lock - owner thread: 0x000001d4aa4b91c0

Heap address: 0x0000000701e00000, size: 4066 MB, Compressed Oops mode: Zero based, Oop shift amount: 3

CDS archive(s) mapped at: [0x0000000000000000-0x0000000000000000-0x0000000000000000), size 0, SharedBaseAddress: 0x0000000800000000, ArchiveRelocationMode: 0.
Narrow klass base: 0x0000000000000000, Narrow klass shift: 0, Narrow klass range: 0x0

GC Precious Log:
<Empty>

Heap:
 garbage-first heap   total 0K, used 0K [0x0000000701e00000, 0x0000000800000000)
  region size 2048K, 0 young (0K), 0 survivors (0K)

[error occurred during error reporting (printing heap information), id 0xc0000005, EXCEPTION_ACCESS_VIOLATION (0xc0000005) at pc=0x00007ffc73f0f249]

GC Heap History (0 events):
No events

Deoptimization events (0 events):
No events

Classes unloaded (0 events):
No events

Classes redefined (0 events):
No events

Internal exceptions (0 events):
No events

VM Operations (0 events):
No events

Events (1 events):
Event: 0.026 Loaded shared library C:\Users\40027503\.p2\pool\plugins\org.eclipse.justj.openjdk.hotspot.jre.full.win32.x86_64_17.0.3.v20220515-1416\jre\bin\java.dll


Dynamic libraries:
0x00007ff72b700000 - 0x00007ff72b70e000 	C:\Users\40027503\.p2\pool\plugins\org.eclipse.justj.openjdk.hotspot.jre.full.win32.x86_64_17.0.3.v20220515-1416\jre\bin\javaw.exe
0x00007ffce9ad0000 - 0x00007ffce9cc8000 	C:\Windows\SYSTEM32\ntdll.dll
0x00007ffce8620000 - 0x00007ffce86dd000 	C:\Windows\System32\KERNEL32.DLL
0x00007ffce7390000 - 0x00007ffce7686000 	C:\Windows\System32\KERNELBASE.dll
0x00007ffce7a00000 - 0x00007ffce7b00000 	C:\Windows\System32\ucrtbase.dll
0x00007ffcd5de0000 - 0x00007ffcd5df8000 	C:\Users\40027503\.p2\pool\plugins\org.eclipse.justj.openjdk.hotspot.jre.full.win32.x86_64_17.0.3.v20220515-1416\jre\bin\jli.dll
0x00007ffcd5c40000 - 0x00007ffcd5c59000 	C:\Users\40027503\.p2\pool\plugins\org.eclipse.justj.openjdk.hotspot.jre.full.win32.x86_64_17.0.3.v20220515-1416\jre\bin\VCRUNTIME140.dll
0x00007ffce8830000 - 0x00007ffce89cf000 	C:\Windows\System32\USER32.dll
0x00007ffcc7a40000 - 0x00007ffcc7cda000 	C:\Windows\WinSxS\amd64_microsoft.windows.common-controls_6595b64144ccf1df_6.0.19041.3636_none_60b6a03d71f818d5\COMCTL32.dll
0x00007ffce72d0000 - 0x00007ffce72f2000 	C:\Windows\System32\win32u.dll
0x00007ffce8450000 - 0x00007ffce847b000 	C:\Windows\System32\GDI32.dll
0x00007ffce9840000 - 0x00007ffce98de000 	C:\Windows\System32\msvcrt.dll
0x00007ffce78b0000 - 0x00007ffce79c7000 	C:\Windows\System32\gdi32full.dll
0x00007ffce7230000 - 0x00007ffce72cd000 	C:\Windows\System32\msvcp_win.dll
0x00007ffce90c0000 - 0x00007ffce90f2000 	C:\Windows\System32\IMM32.DLL
0x00007ffce0ec0000 - 0x00007ffce0ecc000 	C:\Users\40027503\.p2\pool\plugins\org.eclipse.justj.openjdk.hotspot.jre.full.win32.x86_64_17.0.3.v20220515-1416\jre\bin\vcruntime140_1.dll
0x00007ffcc2100000 - 0x00007ffcc2191000 	C:\Users\40027503\.p2\pool\plugins\org.eclipse.justj.openjdk.hotspot.jre.full.win32.x86_64_17.0.3.v20220515-1416\jre\bin\msvcp140.dll
0x00007ffc73840000 - 0x00007ffc74488000 	C:\Users\40027503\.p2\pool\plugins\org.eclipse.justj.openjdk.hotspot.jre.full.win32.x86_64_17.0.3.v20220515-1416\jre\bin\server\jvm.dll
0x00007ffce7b90000 - 0x00007ffce7c40000 	C:\Windows\System32\ADVAPI32.dll
0x00007ffce8790000 - 0x00007ffce8830000 	C:\Windows\System32\sechost.dll
0x00007ffce8f90000 - 0x00007ffce90b3000 	C:\Windows\System32\RPCRT4.dll
0x00007ffce79d0000 - 0x00007ffce79f7000 	C:\Windows\System32\bcrypt.dll
0x00007ffce9100000 - 0x00007ffce9108000 	C:\Windows\System32\PSAPI.DLL
0x00007ffce0880000 - 0x00007ffce088a000 	C:\Windows\SYSTEM32\VERSION.dll
0x00007ffcc9ae0000 - 0x00007ffcc9ae9000 	C:\Windows\SYSTEM32\WSOCK32.dll
0x00007ffcd04f0000 - 0x00007ffcd0517000 	C:\Windows\SYSTEM32\WINMM.dll
0x00007ffce89d0000 - 0x00007ffce8a3b000 	C:\Windows\System32\WS2_32.dll
0x00007ffce5750000 - 0x00007ffce5762000 	C:\Windows\SYSTEM32\kernel.appcore.dll
0x00007ffcdf310000 - 0x00007ffcdf31a000 	C:\Users\40027503\.p2\pool\plugins\org.eclipse.justj.openjdk.hotspot.jre.full.win32.x86_64_17.0.3.v20220515-1416\jre\bin\jimage.dll
0x00007ffce53a0000 - 0x00007ffce5584000 	C:\Windows\SYSTEM32\DBGHELP.DLL
0x00007ffcd0240000 - 0x00007ffcd0274000 	C:\Windows\SYSTEM32\dbgcore.DLL
0x00007ffce7300000 - 0x00007ffce7382000 	C:\Windows\System32\bcryptPrimitives.dll
0x00007ffcc8b90000 - 0x00007ffcc8bb5000 	C:\Users\40027503\.p2\pool\plugins\org.eclipse.justj.openjdk.hotspot.jre.full.win32.x86_64_17.0.3.v20220515-1416\jre\bin\java.dll

dbghelp: loaded successfully - version: 4.0.5 - missing functions: none
symbol engine: initialized successfully - sym options: 0x614 - pdb path: .;C:\Users\40027503\.p2\pool\plugins\org.eclipse.justj.openjdk.hotspot.jre.full.win32.x86_64_17.0.3.v20220515-1416\jre\bin;C:\Windows\SYSTEM32;C:\Windows\WinSxS\amd64_microsoft.windows.common-controls_6595b64144ccf1df_6.0.19041.3636_none_60b6a03d71f818d5;C:\Users\40027503\.p2\pool\plugins\org.eclipse.justj.openjdk.hotspot.jre.full.win32.x86_64_17.0.3.v20220515-1416\jre\bin\server

VM Arguments:
jvm_args: -ea -Dfile.encoding=UTF-8 -XX:+ShowCodeDetailsInExceptionMessages 
java_command: org.testng.remote.RemoteTestNG -serport 64384 -protocol json -d D:\Automation\BankingV1\test-output D:\Automation\BankingV1\testng.xml
java_class_path (initial): C:\Users\40027503\eclipse\java-2022-069\eclipse\configuration\org.eclipse.osgi\434\0\.cp\lib\testng-remote.jar;D:\Automation\BankingV1\target\test-classes;D:\Automation\BankingV1\target\classes;D:\Automation\apache-log4j-2.3.2-bin\log4j-api-2.3.2.jar;D:\Automation\apache-log4j-2.3.2-bin\log4j-core-2.3.2.jar;C:\Users\40027503\.m2\repository\junit\junit\3.8.1\junit-3.8.1.jar;C:\Users\40027503\.m2\repository\org\seleniumhq\selenium\selenium-java\4.21.0\selenium-java-4.21.0.jar;C:\Users\40027503\.m2\repository\org\seleniumhq\selenium\selenium-api\4.21.0\selenium-api-4.21.0.jar;C:\Users\40027503\.m2\repository\org\seleniumhq\selenium\selenium-chrome-driver\4.21.0\selenium-chrome-driver-4.21.0.jar;C:\Users\40027503\.m2\repository\com\google\auto\service\auto-service-annotations\1.1.1\auto-service-annotations-1.1.1.jar;C:\Users\40027503\.m2\repository\org\seleniumhq\selenium\selenium-chromium-driver\4.21.0\selenium-chromium-driver-4.21.0.jar;C:\Users\40027503\.m2\repository\org\seleniumhq\selenium\selenium-json\4.21.0\selenium-json-4.21.0.jar;C:\Users\40027503\.m2\repository\org\seleniumhq\selenium\selenium-manager\4.21.0\selenium-manager-4.21.0.jar;C:\Users\40027503\.m2\repository\org\seleniumhq\selenium\selenium-devtools-v123\4.21.0\selenium-devtools-v123-4.21.0.jar;C:\Users\40027503\.m2\repository\org\seleniumhq\selenium\selenium-devtools-v124\4.21.0\selenium-devtools-v124-4.21.0.jar;C:\Users\40027503\.m2\repository\org\seleniumhq\selenium\selenium-devtools-v125\4.21.0\selenium-devtools-v125-4.21.0.jar;C:\Users\40027503\.m2\repository\org\seleniumhq\selenium\selenium-devtools-v85\4.21.0\selenium-devtools-v85-4.21.0.jar;C:\Users\40027503\.m2\repository\org\seleniumhq\selenium\selenium-edge-driver\4.21.0\selenium-edge-driver-4.21.0.jar;C:\Users\40027503\.m2\repository\org\seleniumhq\selenium\selenium-firefox-driver\4.21.0\selenium-firefox-driver-4.21.0.jar;C:\Users\40027503\.m2\repository\org\seleniumhq\selenium\selenium-http\4.21.0\selenium-h
Launcher Type: SUN_STANDARD

[Global flags]
     intx CICompilerCount                          = 4                                         {product} {ergonomic}
     uint ConcGCThreads                            = 2                                         {product} {ergonomic}
     uint G1ConcRefinementThreads                  = 8                                         {product} {ergonomic}
   size_t G1HeapRegionSize                         = 2097152                                   {product} {ergonomic}
    uintx GCDrainStackTargetSize                   = 64                                        {product} {ergonomic}
   size_t InitialHeapSize                          = 268435456                                 {product} {ergonomic}
   size_t MarkStackSize                            = 4194304                                   {product} {ergonomic}
   size_t MaxHeapSize                              = 4263510016                                {product} {ergonomic}
   size_t MinHeapDeltaBytes                        = 2097152                                   {product} {ergonomic}
   size_t MinHeapSize                              = 8388608                                   {product} {ergonomic}
    uintx NonNMethodCodeHeapSize                   = 5839372                                {pd product} {ergonomic}
    uintx NonProfiledCodeHeapSize                  = 122909434                              {pd product} {ergonomic}
    uintx ProfiledCodeHeapSize                     = 122909434                              {pd product} {ergonomic}
    uintx ReservedCodeCacheSize                    = 251658240                              {pd product} {ergonomic}
     bool SegmentedCodeCache                       = true                                      {product} {ergonomic}
     bool ShowCodeDetailsInExceptionMessages       = true                                   {manageable} {command line}
   size_t SoftMaxHeapSize                          = 4263510016                             {manageable} {ergonomic}
     bool UseCompressedClassPointers               = true                           {product lp64_product} {ergonomic}
     bool UseCompressedOops                        = true                           {product lp64_product} {ergonomic}
     bool UseG1GC                                  = true                                      {product} {ergonomic}
     bool UseLargePagesIndividualAllocation        = false                                  {pd product} {ergonomic}

Logging:
Log output configuration:
 #0: stdout all=warning uptime,level,tags
 #1: stderr all=off uptime,level,tags

Environment Variables:
JAVA_HOME=C:\Program Files\Java\jdk1.8.0_212
PATH=C:/Users/40027503/.p2/pool/plugins/org.eclipse.justj.openjdk.hotspot.jre.full.win32.x86_64_17.0.3.v20220515-1416/jre/bin/server;C:/Users/40027503/.p2/pool/plugins/org.eclipse.justj.openjdk.hotspot.jre.full.win32.x86_64_17.0.3.v20220515-1416/jre/bin;C:\Program Files (x86)\Common Files\Oracle\Java\javapath;C:\Windows\system32;C:\Windows;C:\Windows\System32\Wbem;C:\Windows\System32\WindowsPowerShell\v1.0\;C:\Windows\System32\OpenSSH\;C:\Program Files (x86)\Webex\Plugins;C:\Users\40027503\platform-tools_r33.0.0-windows;C:\Users\40027503\AppData\Local\Programs\Python\Python38-32;C:\Program Files\apache-maven-3.8.6\bin;C:\Users\40027503\AppData\Local\Android\Sdk;C:\Program Files\Java\jdk1.8.0_212\bin;C:\Program Files\Java\jre1.8.0_212\bin;C:\Users\40027503\AppData\Local\Programs\Python\Python38-32\Scripts;C:\Windows\System32\cmd.exe;C:\Users\40027503\AppData\Local\Android\Sdk\tools\lib;C:\Users\40027503\Downloads\tools_r25.2.5-windows\tools;C:\Users\40027503\AppData\Roaming\Microsoft\Windows\Start Menu\Programs\Git;C:\Users\40027503\AppData\Local\appium-inspector-updater;C:\Users\40027503\AppData\Roaming\npm\node_modules\appium\node_modules\appium-chromedriver;C:\Program Files\nodejs;"C:\Users\40027503\AppData\Roaming\npm;";C:\Program Files\PuTTY\;C:\Program Files\TortoiseSVN\bin;C:\Program Files\Docker\Docker\resources\bin;C:\Program Files\Amazon\AWSCLIV2\;C:\Users\40027503\AppData\Local\Microsoft\WindowsApps;C:\Users\40027503\AppData\Local\Programs\Git\cmd;C:\Users\40027503\AppData\Local\GitHubDesktop\bin;C:\Users\40027503\AppData\Roaming\npm;;C:\Users\40027503\AppData\Local\Programs\Microsoft VS Code\bin;C:\Program Files\JetBrains\PyCharm Community Edition 2023.3.5\bin;;C:\Windows\system32;
USERNAME=40027503
OS=Windows_NT
PROCESSOR_IDENTIFIER=Intel64 Family 6 Model 142 Stepping 12, GenuineIntel



---------------  S Y S T E M  ---------------

OS:
 Windows 10 , 64 bit Build 19041 (10.0.19041.3636)
OS uptime: 2 days 23:16 hours
Hyper-V role detected

CPU: total 8 (initial active 8) (4 cores per cpu, 2 threads per core) family 6 model 142 stepping 12 microcode 0xca, cx8, cmov, fxsr, ht, mmx, 3dnowpref, sse, sse2, sse3, ssse3, sse4.1, sse4.2, popcnt, lzcnt, tsc, tscinvbit, avx, avx2, aes, erms, clmul, bmi1, bmi2, adx, fma, vzeroupper, clflush, clflushopt, hv

Memory: 4k page, system-wide physical 16260M (1133M free)
TotalPageFile size 47227M (AvailPageFile size 34M)
current process WorkingSet (physical memory assigned to process): 11M, peak: 11M
current process commit charge ("private bytes"): 60M, peak: 316M

vm_info: OpenJDK 64-Bit Server VM (17.0.3+7) for windows-amd64 JRE (17.0.3+7), built on Apr 19 2022 16:55:35 by "" with MS VC++ 16.7 (VS2019)

END.
